app/build/intermediates/manifest_merge_blame_file/debug/manifest-merger-blame-debug-report.txt
1<?xml version="1.0" encoding="utf-8"?>
2<!--
3  ~ Copyright (C) 2017 The Android Open Source Project
4  ~
5  ~ Licensed under the Apache License, Version 2.0 (the "License");
6  ~ you may not use this file except in compliance with the License.
7  ~ You may obtain a copy of the License at
8  ~
9  ~      http://www.apache.org/licenses/LICENSE-2.0
10  ~
11  ~ Unless required by applicable law or agreed to in writing, software
12  ~ distributed under the License is distributed on an "AS IS" BASIS,
13  ~ WITHOUT WARRANTIES OR CONDITIONS OF ANY KIND, either express or implied.
14  ~ See the License for the specific language governing permissions and
15  ~ limitations under the License.
16-->
17<manifest xmlns:android="http://schemas.android.com/apk/res/android"
18    package="com.example.wavemaker"
19    android:versionCode="1"
20    android:versionName="1.0" >
21
22    <uses-sdk
23        android:minSdkVersion="26"
23-->src\main\AndroidManifest.xml
24        android:targetSdkVersion="28" />
24-->src\main\AndroidManifest.xml
25
26    <application
26-->src\main\AndroidManifest.xml:19:5-33:19
27        android:allowBackup="true"
27-->src\main\AndroidManifest.xml:20:9-35
28        android:debuggable="true"
29        android:extractNativeLibs="false"
30        android:icon="@mipmap/ic_launcher"
30-->src\main\AndroidManifest.xml:21:9-43
31        android:label="@string/app_name"
31-->src\main\AndroidManifest.xml:22:9-41
32        android:roundIcon="@mipmap/ic_launcher_round"
32-->src\main\AndroidManifest.xml:23:9-54
33        android:supportsRtl="true"
33-->src\main\AndroidManifest.xml:24:9-35
34        android:testOnly="true"
35        android:theme="@style/AppTheme" >
35-->src\main\AndroidManifest.xml:25:9-40
36        <activity android:name="com.example.wavemaker.MainActivity" >
36-->src\main\AndroidManifest.xml:26:9-32:20
36-->src\main\AndroidManifest.xml:26:19-47
37            <intent-filter>
37-->src\main\AndroidManifest.xml:27:13-31:29
38                <action android:name="android.intent.action.MAIN" />
38-->src\main\AndroidManifest.xml:28:17-69
38-->src\main\AndroidManifest.xml:28:25-66
39
40                <category android:name="android.intent.category.LAUNCHER" />
40-->src\main\AndroidManifest.xml:30:17-77
40-->src\main\AndroidManifest.xml:30:27-74
41            </intent-filter>
42        </activity>
43
44        <meta-data
44-->[com.android.support:appcompat-v7:26.1.0] AndroidManifest.xml:26:9-28:38
45            android:name="android.support.VERSION"
45-->[com.android.support:appcompat-v7:26.1.0] AndroidManifest.xml:27:13-51
46            android:value="26.1.0" />
46-->[com.android.support:appcompat-v7:26.1.0] AndroidManifest.xml:28:13-35
47        <meta-data
47-->[android.arch.lifecycle:runtime:1.0.0] AndroidManifest.xml:25:9-27:47
48            android:name="android.arch.lifecycle.VERSION"
48-->[android.arch.lifecycle:runtime:1.0.0] AndroidManifest.xml:26:13-58
49            android:value="27.0.0-SNAPSHOT" />
49-->[android.arch.lifecycle:runtime:1.0.0] AndroidManifest.xml:27:13-44
50    </application>
51
52</manifest>